# JRE version: OpenJDK Runtime Environment Temurin-21.0.6+7 (21.0.6+7) (build 21.0.6+7-LTS)
# Java VM: OpenJDK 64-Bit Server VM Temurin-21.0.6+7 (21.0.6+7-LTS, mixed mode, sharing, tiered, compressed oops, compressed class ptrs, parallel gc, windows-amd64)
GC Precious Log:
 CardTable entry size: 512
 CPUs: 8 total, 8 available
 Memory: 16263M
 Large Page Support: Disabled
 NUMA Support: Disabled
 Compressed Oops: Enabled (32-bit)
 Alignments: Space 512K, Generation 512K, Heap 2M
 Heap Min Capacity: 100M
 Heap Initial Capacity: 100M
 Heap Max Capacity: 1G
 Pre-touch: Disabled
 Parallel Workers: 8
Heap:
 PSYoungGen      total 22016K, used 10124K [0x00000000eab00000, 0x00000000ec280000, 0x0000000100000000)
  eden space 21504K, 44% used [0x00000000eab00000,0x00000000eb466c30,0x00000000ec000000)
  from space 512K, 97% used [0x00000000ec200000,0x00000000ec27c558,0x00000000ec280000)
  to   space 512K, 0% used [0x00000000ec180000,0x00000000ec180000,0x00000000ec200000)
 ParOldGen       total 68608K, used 30066K [0x00000000c0000000, 0x00000000c4300000, 0x00000000eab00000)
  object space 68608K, 43% used [0x00000000c0000000,0x00000000c1d5ca50,0x00000000c4300000)
 Metaspace       used 37410K, committed 38272K, reserved 1114112K
  class space    used 3654K, committed 4032K, reserved 1048576K
GC Heap History (20 events):
Event: 7.184 GC heap before
{Heap before GC invocations=13 (full 1):
 PSYoungGen      total 25088K, used 24770K [0x00000000eab00000, 0x00000000ec780000, 0x0000000100000000)
  eden space 22528K, 100% used [0x00000000eab00000,0x00000000ec100000,0x00000000ec100000)
  from space 2560K, 87% used [0x00000000ec200000,0x00000000ec430810,0x00000000ec480000)
  to   space 3072K, 0% used [0x00000000ec480000,0x00000000ec480000,0x00000000ec780000)
 ParOldGen       total 68608K, used 16521K [0x00000000c0000000, 0x00000000c4300000, 0x00000000eab00000)
  object space 68608K, 24% used [0x00000000c0000000,0x00000000c1022460,0x00000000c4300000)
 Metaspace       used 31564K, committed 32448K, reserved 1114112K
  class space    used 3088K, committed 3456K, reserved 1048576K
}
Event: 7.193 GC heap after
{Heap after GC invocations=13 (full 1):
 PSYoungGen      total 24576K, used 2368K [0x00000000eab00000, 0x00000000ec700000, 0x0000000100000000)
  eden space 22016K, 0% used [0x00000000eab00000,0x00000000eab00000,0x00000000ec080000)
  from space 2560K, 92% used [0x00000000ec480000,0x00000000ec6d0010,0x00000000ec700000)
  to   space 2560K, 0% used [0x00000000ec200000,0x00000000ec200000,0x00000000ec480000)
 ParOldGen       total 68608K, used 18727K [0x00000000c0000000, 0x00000000c4300000, 0x00000000eab00000)
  object space 68608K, 27% used [0x00000000c0000000,0x00000000c1249d98,0x00000000c4300000)
 Metaspace       used 31564K, committed 32448K, reserved 1114112K
  class space    used 3088K, committed 3456K, reserved 1048576K
}
Event: 7.299 GC heap before
{Heap before GC invocations=14 (full 1):
 PSYoungGen      total 24576K, used 24384K [0x00000000eab00000, 0x00000000ec700000, 0x0000000100000000)
  eden space 22016K, 100% used [0x00000000eab00000,0x00000000ec080000,0x00000000ec080000)
  from space 2560K, 92% used [0x00000000ec480000,0x00000000ec6d0010,0x00000000ec700000)
  to   space 2560K, 0% used [0x00000000ec200000,0x00000000ec200000,0x00000000ec480000)
 ParOldGen       total 68608K, used 18727K [0x00000000c0000000, 0x00000000c4300000, 0x00000000eab00000)
  object space 68608K, 27% used [0x00000000c0000000,0x00000000c1249d98,0x00000000c4300000)
 Metaspace       used 31572K, committed 32448K, reserved 1114112K
  class space    used 3088K, committed 3456K, reserved 1048576K
}
Event: 7.311 GC heap after
{Heap after GC invocations=14 (full 1):
 PSYoungGen      total 24576K, used 2084K [0x00000000eab00000, 0x00000000ec580000, 0x0000000100000000)
  eden space 22016K, 0% used [0x00000000eab00000,0x00000000eab00000,0x00000000ec080000)
  from space 2560K, 81% used [0x00000000ec200000,0x00000000ec409000,0x00000000ec480000)
  to   space 1024K, 0% used [0x00000000ec480000,0x00000000ec480000,0x00000000ec580000)
 ParOldGen       total 68608K, used 20967K [0x00000000c0000000, 0x00000000c4300000, 0x00000000eab00000)
  object space 68608K, 30% used [0x00000000c0000000,0x00000000c1479da8,0x00000000c4300000)
 Metaspace       used 31572K, committed 32448K, reserved 1114112K
  class space    used 3088K, committed 3456K, reserved 1048576K
}
Event: 7.390 GC heap before
{Heap before GC invocations=15 (full 1):
 PSYoungGen      total 24576K, used 24100K [0x00000000eab00000, 0x00000000ec580000, 0x0000000100000000)
  eden space 22016K, 100% used [0x00000000eab00000,0x00000000ec080000,0x00000000ec080000)
  from space 2560K, 81% used [0x00000000ec200000,0x00000000ec409000,0x00000000ec480000)
  to   space 1024K, 0% used [0x00000000ec480000,0x00000000ec480000,0x00000000ec580000)
 ParOldGen       total 68608K, used 20967K [0x00000000c0000000, 0x00000000c4300000, 0x00000000eab00000)
  object space 68608K, 30% used [0x00000000c0000000,0x00000000c1479da8,0x00000000c4300000)
 Metaspace       used 31587K, committed 32512K, reserved 1114112K
  class space    used 3088K, committed 3456K, reserved 1048576K
}
Event: 7.396 GC heap after
{Heap after GC invocations=15 (full 1):
 PSYoungGen      total 22528K, used 1024K [0x00000000eab00000, 0x00000000ec980000, 0x0000000100000000)
  eden space 21504K, 0% used [0x00000000eab00000,0x00000000eab00000,0x00000000ec000000)
  from space 1024K, 100% used [0x00000000ec480000,0x00000000ec580000,0x00000000ec580000)
  to   space 4608K, 0% used [0x00000000ec000000,0x00000000ec000000,0x00000000ec480000)
 ParOldGen       total 68608K, used 23903K [0x00000000c0000000, 0x00000000c4300000, 0x00000000eab00000)
  object space 68608K, 34% used [0x00000000c0000000,0x00000000c1757eb8,0x00000000c4300000)
 Metaspace       used 31587K, committed 32512K, reserved 1114112K
  class space    used 3088K, committed 3456K, reserved 1048576K
}
Event: 7.473 GC heap before
{Heap before GC invocations=16 (full 1):
 PSYoungGen      total 22528K, used 22527K [0x00000000eab00000, 0x00000000ec980000, 0x0000000100000000)
  eden space 21504K, 99% used [0x00000000eab00000,0x00000000ebfffff8,0x00000000ec000000)
  from space 1024K, 100% used [0x00000000ec480000,0x00000000ec580000,0x00000000ec580000)
  to   space 4608K, 0% used [0x00000000ec000000,0x00000000ec000000,0x00000000ec480000)
 ParOldGen       total 68608K, used 23903K [0x00000000c0000000, 0x00000000c4300000, 0x00000000eab00000)
  object space 68608K, 34% used [0x00000000c0000000,0x00000000c1757eb8,0x00000000c4300000)
 Metaspace       used 31633K, committed 32512K, reserved 1114112K
  class space    used 3091K, committed 3456K, reserved 1048576K
}
Event: 7.478 GC heap after
{Heap after GC invocations=16 (full 1):
 PSYoungGen      total 23552K, used 1888K [0x00000000eab00000, 0x00000000ec600000, 0x0000000100000000)
  eden space 21504K, 0% used [0x00000000eab00000,0x00000000eab00000,0x00000000ec000000)
  from space 2048K, 92% used [0x00000000ec000000,0x00000000ec1d8000,0x00000000ec200000)
  to   space 3072K, 0% used [0x00000000ec300000,0x00000000ec300000,0x00000000ec600000)
 ParOldGen       total 68608K, used 24959K [0x00000000c0000000, 0x00000000c4300000, 0x00000000eab00000)
  object space 68608K, 36% used [0x00000000c0000000,0x00000000c185feb8,0x00000000c4300000)
 Metaspace       used 31633K, committed 32512K, reserved 1114112K
  class space    used 3091K, committed 3456K, reserved 1048576K
}
Event: 7.715 GC heap before
{Heap before GC invocations=17 (full 1):
 PSYoungGen      total 23552K, used 23392K [0x00000000eab00000, 0x00000000ec600000, 0x0000000100000000)
  eden space 21504K, 100% used [0x00000000eab00000,0x00000000ec000000,0x00000000ec000000)
  from space 2048K, 92% used [0x00000000ec000000,0x00000000ec1d8000,0x00000000ec200000)
  to   space 3072K, 0% used [0x00000000ec300000,0x00000000ec300000,0x00000000ec600000)
 ParOldGen       total 68608K, used 24959K [0x00000000c0000000, 0x00000000c4300000, 0x00000000eab00000)
  object space 68608K, 36% used [0x00000000c0000000,0x00000000c185feb8,0x00000000c4300000)
 Metaspace       used 33373K, committed 34240K, reserved 1114112K
  class space    used 3262K, committed 3648K, reserved 1048576K
}
Event: 7.718 GC heap after
{Heap after GC invocations=17 (full 1):
 PSYoungGen      total 23552K, used 1686K [0x00000000eab00000, 0x00000000ec500000, 0x0000000100000000)
  eden space 21504K, 0% used [0x00000000eab00000,0x00000000eab00000,0x00000000ec000000)
  from space 2048K, 82% used [0x00000000ec300000,0x00000000ec4a5b00,0x00000000ec500000)
  to   space 2048K, 0% used [0x00000000ec000000,0x00000000ec000000,0x00000000ec200000)
 ParOldGen       total 68608K, used 26744K [0x00000000c0000000, 0x00000000c4300000, 0x00000000eab00000)
  object space 68608K, 38% used [0x00000000c0000000,0x00000000c1a1e0b8,0x00000000c4300000)
 Metaspace       used 33373K, committed 34240K, reserved 1114112K
  class space    used 3262K, committed 3648K, reserved 1048576K
}
Event: 8.386 GC heap before
{Heap before GC invocations=18 (full 1):
 PSYoungGen      total 23552K, used 23190K [0x00000000eab00000, 0x00000000ec500000, 0x0000000100000000)
  eden space 21504K, 100% used [0x00000000eab00000,0x00000000ec000000,0x00000000ec000000)
  from space 2048K, 82% used [0x00000000ec300000,0x00000000ec4a5b00,0x00000000ec500000)
  to   space 2048K, 0% used [0x00000000ec000000,0x00000000ec000000,0x00000000ec200000)
 ParOldGen       total 68608K, used 26744K [0x00000000c0000000, 0x00000000c4300000, 0x00000000eab00000)
  object space 68608K, 38% used [0x00000000c0000000,0x00000000c1a1e0b8,0x00000000c4300000)
 Metaspace       used 34656K, committed 35584K, reserved 1114112K
  class space    used 3436K, committed 3840K, reserved 1048576K
}
Event: 8.388 GC heap after
{Heap after GC invocations=18 (full 1):
 PSYoungGen      total 23552K, used 704K [0x00000000eab00000, 0x00000000ec380000, 0x0000000100000000)
  eden space 21504K, 0% used [0x00000000eab00000,0x00000000eab00000,0x00000000ec000000)
  from space 2048K, 34% used [0x00000000ec000000,0x00000000ec0b0010,0x00000000ec200000)
  to   space 1536K, 0% used [0x00000000ec200000,0x00000000ec200000,0x00000000ec380000)
 ParOldGen       total 68608K, used 28243K [0x00000000c0000000, 0x00000000c4300000, 0x00000000eab00000)
  object space 68608K, 41% used [0x00000000c0000000,0x00000000c1b94e38,0x00000000c4300000)
 Metaspace       used 34656K, committed 35584K, reserved 1114112K
  class space    used 3436K, committed 3840K, reserved 1048576K
}
Event: 8.468 GC heap before
{Heap before GC invocations=19 (full 1):
 PSYoungGen      total 23552K, used 4561K [0x00000000eab00000, 0x00000000ec380000, 0x0000000100000000)
  eden space 21504K, 17% used [0x00000000eab00000,0x00000000eaec45f8,0x00000000ec000000)
  from space 2048K, 34% used [0x00000000ec000000,0x00000000ec0b0010,0x00000000ec200000)
  to   space 1536K, 0% used [0x00000000ec200000,0x00000000ec200000,0x00000000ec380000)
 ParOldGen       total 68608K, used 28243K [0x00000000c0000000, 0x00000000c4300000, 0x00000000eab00000)
  object space 68608K, 41% used [0x00000000c0000000,0x00000000c1b94e38,0x00000000c4300000)
 Metaspace       used 34937K, committed 35840K, reserved 1114112K
  class space    used 3456K, committed 3840K, reserved 1048576K
}
Event: 8.469 GC heap after
{Heap after GC invocations=19 (full 1):
 PSYoungGen      total 22016K, used 224K [0x00000000eab00000, 0x00000000ec280000, 0x0000000100000000)
  eden space 21504K, 0% used [0x00000000eab00000,0x00000000eab00000,0x00000000ec000000)
  from space 512K, 43% used [0x00000000ec200000,0x00000000ec238000,0x00000000ec280000)
  to   space 512K, 0% used [0x00000000ec180000,0x00000000ec180000,0x00000000ec200000)
 ParOldGen       total 68608K, used 28763K [0x00000000c0000000, 0x00000000c4300000, 0x00000000eab00000)
  object space 68608K, 41% used [0x00000000c0000000,0x00000000c1c16ce0,0x00000000c4300000)
 Metaspace       used 34937K, committed 35840K, reserved 1114112K
  class space    used 3456K, committed 3840K, reserved 1048576K
}
Event: 8.469 GC heap before
{Heap before GC invocations=20 (full 2):
 PSYoungGen      total 22016K, used 224K [0x00000000eab00000, 0x00000000ec280000, 0x0000000100000000)
  eden space 21504K, 0% used [0x00000000eab00000,0x00000000eab00000,0x00000000ec000000)
  from space 512K, 43% used [0x00000000ec200000,0x00000000ec238000,0x00000000ec280000)
  to   space 512K, 0% used [0x00000000ec180000,0x00000000ec180000,0x00000000ec200000)
 ParOldGen       total 68608K, used 28763K [0x00000000c0000000, 0x00000000c4300000, 0x00000000eab00000)
  object space 68608K, 41% used [0x00000000c0000000,0x00000000c1c16ce0,0x00000000c4300000)
 Metaspace       used 34937K, committed 35840K, reserved 1114112K
  class space    used 3456K, committed 3840K, reserved 1048576K
}
Event: 8.520 GC heap after
{Heap after GC invocations=20 (full 2):
 PSYoungGen      total 22016K, used 0K [0x00000000eab00000, 0x00000000ec280000, 0x0000000100000000)
  eden space 21504K, 0% used [0x00000000eab00000,0x00000000eab00000,0x00000000ec000000)
  from space 512K, 0% used [0x00000000ec200000,0x00000000ec200000,0x00000000ec280000)
  to   space 512K, 0% used [0x00000000ec180000,0x00000000ec180000,0x00000000ec200000)
 ParOldGen       total 68608K, used 27818K [0x00000000c0000000, 0x00000000c4300000, 0x00000000eab00000)
  object space 68608K, 40% used [0x00000000c0000000,0x00000000c1b2a820,0x00000000c4300000)
 Metaspace       used 34937K, committed 35840K, reserved 1114112K
  class space    used 3456K, committed 3840K, reserved 1048576K
}
Event: 8.966 GC heap before
{Heap before GC invocations=21 (full 2):
 PSYoungGen      total 22016K, used 21504K [0x00000000eab00000, 0x00000000ec280000, 0x0000000100000000)
  eden space 21504K, 100% used [0x00000000eab00000,0x00000000ec000000,0x00000000ec000000)
  from space 512K, 0% used [0x00000000ec200000,0x00000000ec200000,0x00000000ec280000)
  to   space 512K, 0% used [0x00000000ec180000,0x00000000ec180000,0x00000000ec200000)
 ParOldGen       total 68608K, used 27818K [0x00000000c0000000, 0x00000000c4300000, 0x00000000eab00000)
  object space 68608K, 40% used [0x00000000c0000000,0x00000000c1b2a820,0x00000000c4300000)
 Metaspace       used 37110K, committed 38016K, reserved 1114112K
  class space    used 3637K, committed 4032K, reserved 1048576K
}
Event: 8.967 GC heap after
{Heap after GC invocations=21 (full 2):
 PSYoungGen      total 22016K, used 510K [0x00000000eab00000, 0x00000000ec280000, 0x0000000100000000)
  eden space 21504K, 0% used [0x00000000eab00000,0x00000000eab00000,0x00000000ec000000)
  from space 512K, 99% used [0x00000000ec180000,0x00000000ec1ff918,0x00000000ec200000)
  to   space 512K, 0% used [0x00000000ec200000,0x00000000ec200000,0x00000000ec280000)
 ParOldGen       total 68608K, used 29058K [0x00000000c0000000, 0x00000000c4300000, 0x00000000eab00000)
  object space 68608K, 42% used [0x00000000c0000000,0x00000000c1c60a90,0x00000000c4300000)
 Metaspace       used 37110K, committed 38016K, reserved 1114112K
  class space    used 3637K, committed 4032K, reserved 1048576K
}
Event: 9.105 GC heap before
{Heap before GC invocations=22 (full 2):
 PSYoungGen      total 22016K, used 22014K [0x00000000eab00000, 0x00000000ec280000, 0x0000000100000000)
  eden space 21504K, 100% used [0x00000000eab00000,0x00000000ec000000,0x00000000ec000000)
  from space 512K, 99% used [0x00000000ec180000,0x00000000ec1ff918,0x00000000ec200000)
  to   space 512K, 0% used [0x00000000ec200000,0x00000000ec200000,0x00000000ec280000)
 ParOldGen       total 68608K, used 29058K [0x00000000c0000000, 0x00000000c4300000, 0x00000000eab00000)
  object space 68608K, 42% used [0x00000000c0000000,0x00000000c1c60a90,0x00000000c4300000)
 Metaspace       used 37135K, committed 38016K, reserved 1114112K
  class space    used 3637K, committed 4032K, reserved 1048576K
}
Event: 9.107 GC heap after
{Heap after GC invocations=22 (full 2):
 PSYoungGen      total 22016K, used 497K [0x00000000eab00000, 0x00000000ec280000, 0x0000000100000000)
  eden space 21504K, 0% used [0x00000000eab00000,0x00000000eab00000,0x00000000ec000000)
  from space 512K, 97% used [0x00000000ec200000,0x00000000ec27c558,0x00000000ec280000)
  to   space 512K, 0% used [0x00000000ec180000,0x00000000ec180000,0x00000000ec200000)
 ParOldGen       total 68608K, used 30066K [0x00000000c0000000, 0x00000000c4300000, 0x00000000eab00000)
  object space 68608K, 43% used [0x00000000c0000000,0x00000000c1d5ca50,0x00000000c4300000)
 Metaspace       used 37135K, committed 38016K, reserved 1114112K
  class space    used 3637K, committed 4032K, reserved 1048576K
}

