# JRE version: OpenJDK Runtime Environment Temurin-21.0.6+7 (21.0.6+7) (build 21.0.6+7-LTS)
# Java VM: OpenJDK 64-Bit Server VM Temurin-21.0.6+7 (21.0.6+7-LTS, mixed mode, sharing, tiered, compressed oops, compressed class ptrs, parallel gc, windows-amd64)
GC Precious Log:
 CardTable entry size: 512
 CPUs: 8 total, 8 available
 Memory: 16263M
 Large Page Support: Disabled
 NUMA Support: Disabled
 Compressed Oops: Enabled (32-bit)
 Alignments: Space 512K, Generation 512K, Heap 2M
 Heap Min Capacity: 100M
 Heap Initial Capacity: 100M
 Heap Max Capacity: 1G
 Pre-touch: Disabled
 Parallel Workers: 8
Heap:
 PSYoungGen      total 18432K, used 10663K [0x00000000eab00000, 0x00000000ec280000, 0x0000000100000000)
  eden space 17920K, 56% used [0x00000000eab00000,0x00000000eb4e9ff8,0x00000000ebc80000)
  from space 512K, 100% used [0x00000000ec200000,0x00000000ec280000,0x00000000ec280000)
  to   space 2048K, 0% used [0x00000000ebe80000,0x00000000ebe80000,0x00000000ec080000)
 ParOldGen       total 68608K, used 34346K [0x00000000c0000000, 0x00000000c4300000, 0x00000000eab00000)
  object space 68608K, 50% used [0x00000000c0000000,0x00000000c218ab28,0x00000000c4300000)
 Metaspace       used 42188K, committed 43136K, reserved 1114112K
  class space    used 4032K, committed 4480K, reserved 1048576K
GC Heap History (20 events):
Event: 155.156 GC heap before
{Heap before GC invocations=19 (full 2):
 PSYoungGen      total 25088K, used 500K [0x00000000eab00000, 0x00000000ec680000, 0x0000000100000000)
  eden space 17920K, 0% used [0x00000000eab00000,0x00000000eab00000,0x00000000ebc80000)
  from space 7168K, 6% used [0x00000000ebc80000,0x00000000ebcfd3c8,0x00000000ec380000)
  to   space 3072K, 0% used [0x00000000ec380000,0x00000000ec380000,0x00000000ec680000)
 ParOldGen       total 68608K, used 32371K [0x00000000c0000000, 0x00000000c4300000, 0x00000000eab00000)
  object space 68608K, 47% used [0x00000000c0000000,0x00000000c1f9cf40,0x00000000c4300000)
 Metaspace       used 34966K, committed 35840K, reserved 1114112K
  class space    used 3436K, committed 3840K, reserved 1048576K
}
Event: 155.213 GC heap after
{Heap after GC invocations=19 (full 2):
 PSYoungGen      total 25088K, used 0K [0x00000000eab00000, 0x00000000ec680000, 0x0000000100000000)
  eden space 17920K, 0% used [0x00000000eab00000,0x00000000eab00000,0x00000000ebc80000)
  from space 7168K, 0% used [0x00000000ebc80000,0x00000000ebc80000,0x00000000ec380000)
  to   space 3072K, 0% used [0x00000000ec380000,0x00000000ec380000,0x00000000ec680000)
 ParOldGen       total 68608K, used 29887K [0x00000000c0000000, 0x00000000c4300000, 0x00000000eab00000)
  object space 68608K, 43% used [0x00000000c0000000,0x00000000c1d2fea0,0x00000000c4300000)
 Metaspace       used 34966K, committed 35840K, reserved 1114112K
  class space    used 3436K, committed 3840K, reserved 1048576K
}
Event: 155.544 GC heap before
{Heap before GC invocations=20 (full 2):
 PSYoungGen      total 25088K, used 17920K [0x00000000eab00000, 0x00000000ec680000, 0x0000000100000000)
  eden space 17920K, 100% used [0x00000000eab00000,0x00000000ebc80000,0x00000000ebc80000)
  from space 7168K, 0% used [0x00000000ebc80000,0x00000000ebc80000,0x00000000ec380000)
  to   space 3072K, 0% used [0x00000000ec380000,0x00000000ec380000,0x00000000ec680000)
 ParOldGen       total 68608K, used 29887K [0x00000000c0000000, 0x00000000c4300000, 0x00000000eab00000)
  object space 68608K, 43% used [0x00000000c0000000,0x00000000c1d2fea0,0x00000000c4300000)
 Metaspace       used 35895K, committed 36800K, reserved 1114112K
  class space    used 3545K, committed 3968K, reserved 1048576K
}
Event: 155.545 GC heap after
{Heap after GC invocations=20 (full 2):
 PSYoungGen      total 18432K, used 480K [0x00000000eab00000, 0x00000000ec400000, 0x0000000100000000)
  eden space 17920K, 0% used [0x00000000eab00000,0x00000000eab00000,0x00000000ebc80000)
  from space 512K, 93% used [0x00000000ec380000,0x00000000ec3f8010,0x00000000ec400000)
  to   space 1024K, 0% used [0x00000000ec200000,0x00000000ec200000,0x00000000ec300000)
 ParOldGen       total 68608K, used 29895K [0x00000000c0000000, 0x00000000c4300000, 0x00000000eab00000)
  object space 68608K, 43% used [0x00000000c0000000,0x00000000c1d31ea0,0x00000000c4300000)
 Metaspace       used 35895K, committed 36800K, reserved 1114112K
  class space    used 3545K, committed 3968K, reserved 1048576K
}
Event: 155.708 GC heap before
{Heap before GC invocations=21 (full 2):
 PSYoungGen      total 18432K, used 18400K [0x00000000eab00000, 0x00000000ec400000, 0x0000000100000000)
  eden space 17920K, 100% used [0x00000000eab00000,0x00000000ebc80000,0x00000000ebc80000)
  from space 512K, 93% used [0x00000000ec380000,0x00000000ec3f8010,0x00000000ec400000)
  to   space 1024K, 0% used [0x00000000ec200000,0x00000000ec200000,0x00000000ec300000)
 ParOldGen       total 68608K, used 29895K [0x00000000c0000000, 0x00000000c4300000, 0x00000000eab00000)
  object space 68608K, 43% used [0x00000000c0000000,0x00000000c1d31ea0,0x00000000c4300000)
 Metaspace       used 36698K, committed 37632K, reserved 1114112K
  class space    used 3616K, committed 4032K, reserved 1048576K
}
Event: 155.709 GC heap after
{Heap after GC invocations=21 (full 2):
 PSYoungGen      total 18944K, used 1006K [0x00000000eab00000, 0x00000000ec400000, 0x0000000100000000)
  eden space 17920K, 0% used [0x00000000eab00000,0x00000000eab00000,0x00000000ebc80000)
  from space 1024K, 98% used [0x00000000ec200000,0x00000000ec2fb950,0x00000000ec300000)
  to   space 1024K, 0% used [0x00000000ec300000,0x00000000ec300000,0x00000000ec400000)
 ParOldGen       total 68608K, used 30143K [0x00000000c0000000, 0x00000000c4300000, 0x00000000eab00000)
  object space 68608K, 43% used [0x00000000c0000000,0x00000000c1d6fea0,0x00000000c4300000)
 Metaspace       used 36698K, committed 37632K, reserved 1114112K
  class space    used 3616K, committed 4032K, reserved 1048576K
}
Event: 155.755 GC heap before
{Heap before GC invocations=22 (full 2):
 PSYoungGen      total 18944K, used 18926K [0x00000000eab00000, 0x00000000ec400000, 0x0000000100000000)
  eden space 17920K, 100% used [0x00000000eab00000,0x00000000ebc80000,0x00000000ebc80000)
  from space 1024K, 98% used [0x00000000ec200000,0x00000000ec2fb950,0x00000000ec300000)
  to   space 1024K, 0% used [0x00000000ec300000,0x00000000ec300000,0x00000000ec400000)
 ParOldGen       total 68608K, used 30143K [0x00000000c0000000, 0x00000000c4300000, 0x00000000eab00000)
  object space 68608K, 43% used [0x00000000c0000000,0x00000000c1d6fea0,0x00000000c4300000)
 Metaspace       used 36720K, committed 37696K, reserved 1114112K
  class space    used 3616K, committed 4032K, reserved 1048576K
}
Event: 155.756 GC heap after
{Heap after GC invocations=22 (full 2):
 PSYoungGen      total 18944K, used 1014K [0x00000000eab00000, 0x00000000ec400000, 0x0000000100000000)
  eden space 17920K, 0% used [0x00000000eab00000,0x00000000eab00000,0x00000000ebc80000)
  from space 1024K, 99% used [0x00000000ec300000,0x00000000ec3fd9a8,0x00000000ec400000)
  to   space 1536K, 0% used [0x00000000ec100000,0x00000000ec100000,0x00000000ec280000)
 ParOldGen       total 68608K, used 30651K [0x00000000c0000000, 0x00000000c4300000, 0x00000000eab00000)
  object space 68608K, 44% used [0x00000000c0000000,0x00000000c1deec30,0x00000000c4300000)
 Metaspace       used 36720K, committed 37696K, reserved 1114112K
  class space    used 3616K, committed 4032K, reserved 1048576K
}
Event: 155.876 GC heap before
{Heap before GC invocations=23 (full 2):
 PSYoungGen      total 18944K, used 18693K [0x00000000eab00000, 0x00000000ec400000, 0x0000000100000000)
  eden space 17920K, 98% used [0x00000000eab00000,0x00000000ebc43ad0,0x00000000ebc80000)
  from space 1024K, 99% used [0x00000000ec300000,0x00000000ec3fd9a8,0x00000000ec400000)
  to   space 1536K, 0% used [0x00000000ec100000,0x00000000ec100000,0x00000000ec280000)
 ParOldGen       total 68608K, used 30651K [0x00000000c0000000, 0x00000000c4300000, 0x00000000eab00000)
  object space 68608K, 44% used [0x00000000c0000000,0x00000000c1deec30,0x00000000c4300000)
 Metaspace       used 37925K, committed 38912K, reserved 1114112K
  class space    used 3730K, committed 4160K, reserved 1048576K
}
Event: 155.877 GC heap after
{Heap after GC invocations=23 (full 2):
 PSYoungGen      total 19456K, used 1005K [0x00000000eab00000, 0x00000000ec380000, 0x0000000100000000)
  eden space 17920K, 0% used [0x00000000eab00000,0x00000000eab00000,0x00000000ebc80000)
  from space 1536K, 65% used [0x00000000ec100000,0x00000000ec1fb510,0x00000000ec280000)
  to   space 1024K, 0% used [0x00000000ec280000,0x00000000ec280000,0x00000000ec380000)
 ParOldGen       total 68608K, used 30667K [0x00000000c0000000, 0x00000000c4300000, 0x00000000eab00000)
  object space 68608K, 44% used [0x00000000c0000000,0x00000000c1df2c30,0x00000000c4300000)
 Metaspace       used 37925K, committed 38912K, reserved 1114112K
  class space    used 3730K, committed 4160K, reserved 1048576K
}
Event: 197.716 GC heap before
{Heap before GC invocations=24 (full 2):
 PSYoungGen      total 19456K, used 18198K [0x00000000eab00000, 0x00000000ec380000, 0x0000000100000000)
  eden space 17920K, 95% used [0x00000000eab00000,0x00000000ebbca338,0x00000000ebc80000)
  from space 1536K, 65% used [0x00000000ec100000,0x00000000ec1fb510,0x00000000ec280000)
  to   space 1024K, 0% used [0x00000000ec280000,0x00000000ec280000,0x00000000ec380000)
 ParOldGen       total 68608K, used 30667K [0x00000000c0000000, 0x00000000c4300000, 0x00000000eab00000)
  object space 68608K, 44% used [0x00000000c0000000,0x00000000c1df2c30,0x00000000c4300000)
 Metaspace       used 39225K, committed 40128K, reserved 1114112K
  class space    used 3879K, committed 4288K, reserved 1048576K
}
Event: 197.718 GC heap after
{Heap after GC invocations=24 (full 2):
 PSYoungGen      total 18432K, used 480K [0x00000000eab00000, 0x00000000ec300000, 0x0000000100000000)
  eden space 17920K, 0% used [0x00000000eab00000,0x00000000eab00000,0x00000000ebc80000)
  from space 512K, 93% used [0x00000000ec280000,0x00000000ec2f8020,0x00000000ec300000)
  to   space 1024K, 0% used [0x00000000ec100000,0x00000000ec100000,0x00000000ec200000)
 ParOldGen       total 68608K, used 31544K [0x00000000c0000000, 0x00000000c4300000, 0x00000000eab00000)
  object space 68608K, 45% used [0x00000000c0000000,0x00000000c1ece140,0x00000000c4300000)
 Metaspace       used 39225K, committed 40128K, reserved 1114112K
  class space    used 3879K, committed 4288K, reserved 1048576K
}
Event: 348.460 GC heap before
{Heap before GC invocations=25 (full 2):
 PSYoungGen      total 18432K, used 18390K [0x00000000eab00000, 0x00000000ec300000, 0x0000000100000000)
  eden space 17920K, 99% used [0x00000000eab00000,0x00000000ebc7d848,0x00000000ebc80000)
  from space 512K, 93% used [0x00000000ec280000,0x00000000ec2f8020,0x00000000ec300000)
  to   space 1024K, 0% used [0x00000000ec100000,0x00000000ec100000,0x00000000ec200000)
 ParOldGen       total 68608K, used 31544K [0x00000000c0000000, 0x00000000c4300000, 0x00000000eab00000)
  object space 68608K, 45% used [0x00000000c0000000,0x00000000c1ece140,0x00000000c4300000)
 Metaspace       used 40393K, committed 41344K, reserved 1114112K
  class space    used 3940K, committed 4352K, reserved 1048576K
}
Event: 348.462 GC heap after
{Heap after GC invocations=25 (full 2):
 PSYoungGen      total 18944K, used 657K [0x00000000eab00000, 0x00000000ec300000, 0x0000000100000000)
  eden space 17920K, 0% used [0x00000000eab00000,0x00000000eab00000,0x00000000ebc80000)
  from space 1024K, 64% used [0x00000000ec100000,0x00000000ec1a4448,0x00000000ec200000)
  to   space 1024K, 0% used [0x00000000ec200000,0x00000000ec200000,0x00000000ec300000)
 ParOldGen       total 68608K, used 32661K [0x00000000c0000000, 0x00000000c4300000, 0x00000000eab00000)
  object space 68608K, 47% used [0x00000000c0000000,0x00000000c1fe5670,0x00000000c4300000)
 Metaspace       used 40393K, committed 41344K, reserved 1114112K
  class space    used 3940K, committed 4352K, reserved 1048576K
}
Event: 764.658 GC heap before
{Heap before GC invocations=26 (full 2):
 PSYoungGen      total 18944K, used 18543K [0x00000000eab00000, 0x00000000ec300000, 0x0000000100000000)
  eden space 17920K, 99% used [0x00000000eab00000,0x00000000ebc77ab8,0x00000000ebc80000)
  from space 1024K, 64% used [0x00000000ec100000,0x00000000ec1a4448,0x00000000ec200000)
  to   space 1024K, 0% used [0x00000000ec200000,0x00000000ec200000,0x00000000ec300000)
 ParOldGen       total 68608K, used 32661K [0x00000000c0000000, 0x00000000c4300000, 0x00000000eab00000)
  object space 68608K, 47% used [0x00000000c0000000,0x00000000c1fe5670,0x00000000c4300000)
 Metaspace       used 41042K, committed 41984K, reserved 1114112K
  class space    used 3985K, committed 4416K, reserved 1048576K
}
Event: 764.660 GC heap after
{Heap after GC invocations=26 (full 2):
 PSYoungGen      total 18944K, used 720K [0x00000000eab00000, 0x00000000ec300000, 0x0000000100000000)
  eden space 17920K, 0% used [0x00000000eab00000,0x00000000eab00000,0x00000000ebc80000)
  from space 1024K, 70% used [0x00000000ec200000,0x00000000ec2b4010,0x00000000ec300000)
  to   space 1024K, 0% used [0x00000000ec100000,0x00000000ec100000,0x00000000ec200000)
 ParOldGen       total 68608K, used 33110K [0x00000000c0000000, 0x00000000c4300000, 0x00000000eab00000)
  object space 68608K, 48% used [0x00000000c0000000,0x00000000c2055a88,0x00000000c4300000)
 Metaspace       used 41042K, committed 41984K, reserved 1114112K
  class space    used 3985K, committed 4416K, reserved 1048576K
}
Event: 906.728 GC heap before
{Heap before GC invocations=27 (full 2):
 PSYoungGen      total 18944K, used 18640K [0x00000000eab00000, 0x00000000ec300000, 0x0000000100000000)
  eden space 17920K, 100% used [0x00000000eab00000,0x00000000ebc80000,0x00000000ebc80000)
  from space 1024K, 70% used [0x00000000ec200000,0x00000000ec2b4010,0x00000000ec300000)
  to   space 1024K, 0% used [0x00000000ec100000,0x00000000ec100000,0x00000000ec200000)
 ParOldGen       total 68608K, used 33110K [0x00000000c0000000, 0x00000000c4300000, 0x00000000eab00000)
  object space 68608K, 48% used [0x00000000c0000000,0x00000000c2055a88,0x00000000c4300000)
 Metaspace       used 41632K, committed 42624K, reserved 1114112K
  class space    used 4021K, committed 4480K, reserved 1048576K
}
Event: 906.730 GC heap after
{Heap after GC invocations=27 (full 2):
 PSYoungGen      total 18944K, used 896K [0x00000000eab00000, 0x00000000ec280000, 0x0000000100000000)
  eden space 17920K, 0% used [0x00000000eab00000,0x00000000eab00000,0x00000000ebc80000)
  from space 1024K, 87% used [0x00000000ec100000,0x00000000ec1e0020,0x00000000ec200000)
  to   space 512K, 0% used [0x00000000ec200000,0x00000000ec200000,0x00000000ec280000)
 ParOldGen       total 68608K, used 33392K [0x00000000c0000000, 0x00000000c4300000, 0x00000000eab00000)
  object space 68608K, 48% used [0x00000000c0000000,0x00000000c209c0c0,0x00000000c4300000)
 Metaspace       used 41632K, committed 42624K, reserved 1114112K
  class space    used 4021K, committed 4480K, reserved 1048576K
}
Event: 1027.202 GC heap before
{Heap before GC invocations=28 (full 2):
 PSYoungGen      total 18944K, used 18816K [0x00000000eab00000, 0x00000000ec280000, 0x0000000100000000)
  eden space 17920K, 100% used [0x00000000eab00000,0x00000000ebc80000,0x00000000ebc80000)
  from space 1024K, 87% used [0x00000000ec100000,0x00000000ec1e0020,0x00000000ec200000)
  to   space 512K, 0% used [0x00000000ec200000,0x00000000ec200000,0x00000000ec280000)
 ParOldGen       total 68608K, used 33392K [0x00000000c0000000, 0x00000000c4300000, 0x00000000eab00000)
  object space 68608K, 48% used [0x00000000c0000000,0x00000000c209c0c0,0x00000000c4300000)
 Metaspace       used 41959K, committed 42944K, reserved 1114112K
  class space    used 4023K, committed 4480K, reserved 1048576K
}
Event: 1027.204 GC heap after
{Heap after GC invocations=28 (full 2):
 PSYoungGen      total 18432K, used 512K [0x00000000eab00000, 0x00000000ec280000, 0x0000000100000000)
  eden space 17920K, 0% used [0x00000000eab00000,0x00000000eab00000,0x00000000ebc80000)
  from space 512K, 100% used [0x00000000ec200000,0x00000000ec280000,0x00000000ec280000)
  to   space 2048K, 0% used [0x00000000ebe80000,0x00000000ebe80000,0x00000000ec080000)
 ParOldGen       total 68608K, used 34346K [0x00000000c0000000, 0x00000000c4300000, 0x00000000eab00000)
  object space 68608K, 50% used [0x00000000c0000000,0x00000000c218ab28,0x00000000c4300000)
 Metaspace       used 41959K, committed 42944K, reserved 1114112K
  class space    used 4023K, committed 4480K, reserved 1048576K
}

